Base path: C:/Users/hector/Documents/Unity 5.3.6/Editor/Data
Cmd: getPlatforms
Cmd: preprocess
  insize=10014 outsize=2392 ok=1
Cmd: preprocess
  insize=11431 outsize=759 ok=1
Cmd: preprocess
  insize=4367 outsize=551 ok=1
Cmd: preprocess
  insize=1759 outsize=370 ok=1
Cmd: preprocess
  insize=974 outsize=373 ok=1
Cmd: preprocess
  insize=1064 outsize=336 ok=1
Cmd: preprocess
  insize=1593 outsize=1498 ok=1
Cmd: preprocess
  insize=5440 outsize=2271 ok=1
Cmd: preprocess
  insize=2058 outsize=509 ok=1
Cmd: preprocess
  insize=1352 outsize=432 ok=1
Cmd: preprocess
  insize=1631 outsize=481 ok=1
Cmd: preprocess
  insize=6190 outsize=3609 ok=1
Cmd: preprocess
  insize=1243 outsize=312 ok=1
Cmd: preprocess
  insize=1175 outsize=428 ok=1
Cmd: preprocess
  error: 2 plat 18 at (40): Can't find include file frag_ao.cginc
  error: 2 plat 18 at (43): Can't find include file frag_ao.cginc
  error: 2 plat 18 at (46): Can't find include file frag_ao.cginc
  error: 2 plat 18 at (49): Can't find include file frag_ao.cginc
  error: 2 plat 18 at (54): Can't find include file frag_ao.cginc
  insize=6870 outsize=844 ok=0
Cmd: preprocess
  insize=1256 outsize=333 ok=1
Cmd: preprocess
  insize=2789 outsize=809 ok=1
Cmd: preprocess
  insize=1027 outsize=322 ok=1
Cmd: preprocess
  insize=1443 outsize=406 ok=1
Cmd: preprocess
  insize=1519 outsize=370 ok=1
Cmd: preprocess
  insize=1761 outsize=749 ok=1
Cmd: preprocess
  insize=1465 outsize=363 ok=1
Cmd: preprocess
  insize=1177 outsize=342 ok=1
Cmd: preprocess
  insize=2256 outsize=672 ok=1
Cmd: preprocess
  insize=1019 outsize=289 ok=1
Cmd: preprocess
  insize=829 outsize=338 ok=1
Cmd: preprocess
  insize=33443 outsize=288 ok=1
Cmd: preprocess
  insize=1282 outsize=279 ok=1
Cmd: preprocess
  insize=3524 outsize=748 ok=1
Cmd: preprocess
  insize=5933 outsize=3585 ok=1
Cmd: preprocess
  insize=1097 outsize=378 ok=1
Cmd: preprocess
  insize=1860 outsize=539 ok=1
Cmd: preprocess
  insize=2615 outsize=820 ok=1
Cmd: preprocess
  insize=7763 outsize=1160 ok=1
Cmd: preprocess
  insize=1034 outsize=465 ok=1
Cmd: preprocess
  insize=14440 outsize=2764 ok=1
Cmd: preprocess
  insize=2048 outsize=516 ok=1
Cmd: preprocess
  insize=1674 outsize=320 ok=1
Cmd: preprocess
  insize=629 outsize=626 ok=1
Cmd: preprocess
  insize=25498 outsize=3391 ok=1
Cmd: preprocess
  insize=2740 outsize=374 ok=1
Cmd: preprocess
  error: 1 plat 18 at (84): Both vertex and fragment programs must be present in a CGPROGRAM. Excluding it from compilation.
  insize=2397 outsize=1269 ok=1
Cmd: preprocess
  insize=1823 outsize=317 ok=1
Cmd: preprocess
  insize=1088 outsize=373 ok=1
Cmd: preprocess
  insize=777 outsize=284 ok=1
Cmd: preprocess
  insize=1600 outsize=1505 ok=1
Cmd: preprocess
  insize=6056 outsize=913 ok=1
Cmd: preprocess
  insize=622 outsize=382 ok=1
Cmd: preprocess
  insize=33452 outsize=288 ok=1
Cmd: preprocess
  insize=5279 outsize=1789 ok=1
Cmd: preprocess
  insize=6968 outsize=271 ok=1
Cmd: preprocess
  insize=4577 outsize=586 ok=1
Cmd: preprocess
  insize=5103 outsize=1147 ok=1
Cmd: preprocess
  insize=758 outsize=335 ok=1
Cmd: preprocess
  insize=4076 outsize=684 ok=1
Cmd: preprocess
  insize=936 outsize=319 ok=1
Cmd: preprocess
  insize=1406 outsize=315 ok=1
Cmd: preprocess
  insize=2266 outsize=1038 ok=1
Cmd: preprocess
  insize=1136 outsize=512 ok=1
Cmd: preprocess
  insize=1285 outsize=411 ok=1
Cmd: preprocess
  insize=616 outsize=277 ok=1
Cmd: preprocess
  insize=773 outsize=337 ok=1
Cmd: preprocess
  insize=1801 outsize=713 ok=1
